[debug] [2025-05-14T20:18:51.598Z] ----------------------------------------------------------------------
[debug] [2025-05-14T20:18:51.603Z] Command:       C:\Program Files\nodejs\node.exe C:\Users\cmrod\.bun\install\global\node_modules\firebase-tools\lib\bin\firebase.js init hosting
[debug] [2025-05-14T20:18:51.604Z] CLI Version:   14.3.1
[debug] [2025-05-14T20:18:51.604Z] Platform:      win32
[debug] [2025-05-14T20:18:51.604Z] Node Version:  v20.18.0
[debug] [2025-05-14T20:18:51.604Z] Time:          Wed May 14 2025 22:18:51 GMT+0200 (hora de verano de Europa central)
[debug] [2025-05-14T20:18:51.605Z] ----------------------------------------------------------------------
[debug] 
[debug] [2025-05-14T20:18:52.030Z] > command requires scopes: ["email","openid","https://www.googleapis.com/auth/cloudplatformprojects.readonly","https://www.googleapis.com/auth/firebase","https://www.googleapis.com/auth/cloud-platform"]
[debug] [2025-05-14T20:18:52.031Z] > authorizing via signed-in user (cmrodriguezsantana23@gmail.com)
[info] 
     ######## #### ########  ######## ########     ###     ######  ########
     ##        ##  ##     ## ##       ##     ##  ##   ##  ##       ##
     ######    ##  ########  ######   ########  #########  ######  ######
     ##        ##  ##    ##  ##       ##     ## ##     ##       ## ##
     ##       #### ##     ## ######## ########  ##     ##  ######  ########

You're about to initialize a Firebase project in this directory:

  D:\Code\pruebas\test-deploy

Before we get started, keep in mind:

  * You are initializing within an existing Firebase project directory

[info] 
=== Project Setup
[info] 
[info] First, let's associate this project directory with a Firebase project.
[info] You can create multiple project aliases by running firebase use --add, 
[info] but for now we'll just set up a default project.
[info] 
[debug] [2025-05-14T20:21:01.138Z] Using project from CLI flag: test-deploy-761d1
[debug] [2025-05-14T20:21:01.139Z] Checked if tokens are valid: true, expires at: 1747255311243
[debug] [2025-05-14T20:21:01.140Z] Checked if tokens are valid: true, expires at: 1747255311243
[debug] [2025-05-14T20:21:01.142Z] >>> [apiv2][query] GET https://firebase.googleapis.com/v1beta1/projects/test-deploy-761d1 [none]
[debug] [2025-05-14T20:21:01.617Z] <<< [apiv2][status] GET https://firebase.googleapis.com/v1beta1/projects/test-deploy-761d1 200
[debug] [2025-05-14T20:21:01.618Z] <<< [apiv2][body] GET https://firebase.googleapis.com/v1beta1/projects/test-deploy-761d1 {"projectId":"test-deploy-761d1","projectNumber":"163807209670","displayName":"test-deploy","name":"projects/test-deploy-761d1","resources":{"hostingSite":"test-deploy-761d1"},"state":"ACTIVE","etag":"1_a1a0e520-eabf-4306-9e04-c1e128b650be"}
[info] i  Using project test-deploy-761d1 (test-deploy) 
[info] 
=== Hosting Setup
[debug] [2025-05-14T20:21:01.624Z] Checked if tokens are valid: true, expires at: 1747255311243
[debug] [2025-05-14T20:21:01.625Z] Checked if tokens are valid: true, expires at: 1747255311243
[debug] [2025-05-14T20:21:01.625Z] >>> [apiv2][query] GET https://firebase.googleapis.com/v1beta1/projects/test-deploy-761d1 [none]
[debug] [2025-05-14T20:21:01.901Z] <<< [apiv2][status] GET https://firebase.googleapis.com/v1beta1/projects/test-deploy-761d1 200
[debug] [2025-05-14T20:21:01.901Z] <<< [apiv2][body] GET https://firebase.googleapis.com/v1beta1/projects/test-deploy-761d1 {"projectId":"test-deploy-761d1","projectNumber":"163807209670","displayName":"test-deploy","name":"projects/test-deploy-761d1","resources":{"hostingSite":"test-deploy-761d1"},"state":"ACTIVE","etag":"1_a1a0e520-eabf-4306-9e04-c1e128b650be"}
[info] 
[info] Your public directory is the folder (relative to your project directory) that
[info] will contain Hosting assets to be uploaded with firebase deploy. If you
[info] have a build process for your assets, use your build's output directory.
[info] 
[info] i  dist/404.html is unchanged 
[debug] [2025-05-14T20:21:09.141Z] >>> [apiv2][query] GET https://www.gstatic.com/firebasejs/releases.json [none]
[debug] [2025-05-14T20:21:09.214Z] <<< [apiv2][status] GET https://www.gstatic.com/firebasejs/releases.json 200
[debug] [2025-05-14T20:21:09.214Z] <<< [apiv2][body] GET https://www.gstatic.com/firebasejs/releases.json {"current":{"version":"11.7.1","browserURL":"https://www.gstatic.com/firebasejs/11.7.1/firebase.js","packageURL":"https://www.gstatic.com/firebasejs/11.7.1/firebase.tgz"},"live":{"version":"11.7","browserURL":"https://www.gstatic.com/firebasejs/live/11.7/firebase.js","packageURL":"https://www.gstatic.com/firebasejs/live/11.7/firebase.tgz"},"components":{"analytics":"https://www.gstatic.com/firebasejs/11.7.1/firebase-analytics.js","app":"https://www.gstatic.com/firebasejs/11.7.1/firebase-app.js","app-check":"https://www.gstatic.com/firebasejs/11.7.1/firebase-app-check.js","auth":"https://www.gstatic.com/firebasejs/11.7.1/firebase-auth.js","auth/cordova":"https://www.gstatic.com/firebasejs/11.7.1/firebase-auth/cordova.js","auth/web-extension":"https://www.gstatic.com/firebasejs/11.7.1/firebase-auth/web-extension.js","functions":"https://www.gstatic.com/firebasejs/11.7.1/firebase-functions.js","firestore":"https://www.gstatic.com/firebasejs/11.7.1/firebase-firestore.js","firestore/lite":"https://www.gstatic.com/firebasejs/11.7.1/firebase-firestore/lite.js","installations":"https://www.gstatic.com/firebasejs/11.7.1/firebase-installations.js","storage":"https://www.gstatic.com/firebasejs/11.7.1/firebase-storage.js","performance":"https://www.gstatic.com/firebasejs/11.7.1/firebase-performance.js","remote-config":"https://www.gstatic.com/firebasejs/11.7.1/firebase-remote-config.js","messaging":"https://www.gstatic.com/firebasejs/11.7.1/firebase-messaging.js","messaging/sw":"https://www.gstatic.com/firebasejs/11.7.1/firebase-messaging/sw.js","database":"https://www.gstatic.com/firebasejs/11.7.1/firebase-database.js","vertexai":"https://www.gstatic.com/firebasejs/11.7.1/firebase-vertexai.js","data-connect":"https://www.gstatic.com/firebasejs/11.7.1/firebase-data-connect.js","firestore.memory":"https://www.gstatic.com/firebasejs/11.7.1/firebase-firestore.memory.js"}}
[info] i  Skipping write of dist/index.html 
[info] 
[info] i  Detected a .git folder at D:\Code\pruebas\test-deploy 
[info] i  Authorizing with GitHub to upload your service account to a GitHub repository's secrets store. 
[info] 
[info] Visit this URL on this device to log in:
[info] https://github.com/login/oauth/authorize?client_id=89cf50f02ac6aaed3484&state=2826684&redirect_uri=http%3A%2F%2Flocalhost%3A9005&scope=read%3Auser%20repo%20public_repo
[info] 
[info] Waiting for authentication...
[debug] [2025-05-14T20:22:10.001Z] >>> [apiv2][query] POST https://github.com/login/oauth/access_token [none]
[debug] [2025-05-14T20:22:10.002Z] >>> [apiv2][body] POST https://github.com/login/oauth/access_token [stream]
[debug] [2025-05-14T20:22:10.376Z] <<< [apiv2][status] POST https://github.com/login/oauth/access_token 200
[debug] [2025-05-14T20:22:10.377Z] <<< [apiv2][body] POST https://github.com/login/oauth/access_token {"access_token":"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","token_type":"bearer","scope":"read:user,repo"}
[debug] [2025-05-14T20:22:10.381Z] >>> [apiv2][query] GET https://api.github.com/user [none]
[debug] [2025-05-14T20:22:10.731Z] <<< [apiv2][status] GET https://api.github.com/user 200
[debug] [2025-05-14T20:22:10.731Z] <<< [apiv2][body] GET https://api.github.com/user {"login":"RzSantana","id":78515818,"node_id":"MDQ6VXNlcjc4NTE1ODE4","avatar_url":"https://avatars.githubusercontent.com/u/78515818?v=4","gravatar_id":"","url":"https://api.github.com/users/RzSantana","html_url":"https://github.com/RzSantana","followers_url":"https://api.github.com/users/RzSantana/followers","following_url":"https://api.github.com/users/RzSantana/following{/other_user}","gists_url":"https://api.github.com/users/RzSantana/gists{/gist_id}","starred_url":"https://api.github.com/users/RzSantana/starred{/owner}{/repo}","subscriptions_url":"https://api.github.com/users/RzSantana/subscriptions","organizations_url":"https://api.github.com/users/RzSantana/orgs","repos_url":"https://api.github.com/users/RzSantana/repos","events_url":"https://api.github.com/users/RzSantana/events{/privacy}","received_events_url":"https://api.github.com/users/RzSantana/received_events","type":"User","user_view_type":"private","site_admin":false,"name":"Rz$","company":null,"blog":"","location":null,"email":null,"hireable":null,"bio":null,"twitter_username":null,"notification_email":null,"public_repos":10,"public_gists":0,"followers":6,"following":2,"created_at":"2021-02-04T00:59:17Z","updated_at":"2025-02-18T22:47:17Z","private_gists":2,"total_private_repos":11,"owned_private_repos":11,"disk_usage":148584,"collaborators":1,"two_factor_authentication":false,"plan":{"name":"free","space":976562499,"collaborators":0,"private_repos":10000}}
[info] 
[info] +  Success! Logged into GitHub as RzSantana 
[info] 
